# JRE version: Java(TM) SE Runtime Environment 18.9 (11.0.10+8) (build 11.0.10+8-LTS-162)
# Java VM: Java HotSpot(TM) 64-Bit Server VM 18.9 (11.0.10+8-LTS-162, mixed mode, tiered, compressed oops, g1 gc, windows-amd64)
Heap:
 garbage-first heap   total 131072K, used 19541K [0x0000000080a00000, 0x0000000100000000)
  region size 1024K, 14 young (14336K), 7 survivors (7168K)
 Metaspace       used 32815K, capacity 33937K, committed 34176K, reserved 1079296K
  class space    used 3858K, capacity 4355K, committed 4480K, reserved 1048576K
GC Heap History (10 events):
Event: 0.693 GC heap before
{Heap before GC invocations=1 (full 0):
 garbage-first heap   total 131072K, used 13392K [0x0000000080a00000, 0x0000000100000000)
  region size 1024K, 8 young (8192K), 2 survivors (2048K)
 Metaspace       used 11333K, capacity 11613K, committed 11776K, reserved 1060864K
  class space    used 1091K, capacity 1183K, committed 1280K, reserved 1048576K
}
Event: 0.695 GC heap after
{Heap after GC invocations=2 (full 0):
 garbage-first heap   total 131072K, used 7393K [0x0000000080a00000, 0x0000000100000000)
  region size 1024K, 1 young (1024K), 1 survivors (1024K)
 Metaspace       used 11333K, capacity 11613K, committed 11776K, reserved 1060864K
  class space    used 1091K, capacity 1183K, committed 1280K, reserved 1048576K
}
Event: 1.739 GC heap before
{Heap before GC invocations=2 (full 0):
 garbage-first heap   total 131072K, used 36065K [0x0000000080a00000, 0x0000000100000000)
  region size 1024K, 29 young (29696K), 1 survivors (1024K)
 Metaspace       used 16366K, capacity 16969K, committed 17152K, reserved 1064960K
  class space    used 1732K, capacity 1952K, committed 2048K, reserved 1048576K
}
Event: 1.741 GC heap after
{Heap after GC invocations=3 (full 0):
 garbage-first heap   total 131072K, used 8460K [0x0000000080a00000, 0x0000000100000000)
  region size 1024K, 2 young (2048K), 2 survivors (2048K)
 Metaspace       used 16366K, capacity 16969K, committed 17152K, reserved 1064960K
  class space    used 1732K, capacity 1952K, committed 2048K, reserved 1048576K
}
Event: 2.340 GC heap before
{Heap before GC invocations=3 (full 0):
 garbage-first heap   total 131072K, used 29964K [0x0000000080a00000, 0x0000000100000000)
  region size 1024K, 24 young (24576K), 2 survivors (2048K)
 Metaspace       used 20525K, capacity 21189K, committed 21248K, reserved 1069056K
  class space    used 2276K, capacity 2533K, committed 2560K, reserved 1048576K
}
Event: 2.344 GC heap after
{Heap after GC invocations=4 (full 0):
 garbage-first heap   total 131072K, used 9559K [0x0000000080a00000, 0x0000000100000000)
  region size 1024K, 3 young (3072K), 3 survivors (3072K)
 Metaspace       used 20525K, capacity 21189K, committed 21248K, reserved 1069056K
  class space    used 2276K, capacity 2533K, committed 2560K, reserved 1048576K
}
Event: 3.051 GC heap before
{Heap before GC invocations=5 (full 0):
 garbage-first heap   total 131072K, used 68951K [0x0000000080a00000, 0x0000000100000000)
  region size 1024K, 62 young (63488K), 3 survivors (3072K)
 Metaspace       used 27724K, capacity 28627K, committed 28800K, reserved 1075200K
  class space    used 3200K, capacity 3593K, committed 3712K, reserved 1048576K
}
Event: 3.055 GC heap after
{Heap after GC invocations=6 (full 0):
 garbage-first heap   total 131072K, used 11319K [0x0000000080a00000, 0x0000000100000000)
  region size 1024K, 5 young (5120K), 5 survivors (5120K)
 Metaspace       used 27724K, capacity 28627K, committed 28800K, reserved 1075200K
  class space    used 3200K, capacity 3593K, committed 3712K, reserved 1048576K
}
Event: 4.474 GC heap before
{Heap before GC invocations=6 (full 0):
 garbage-first heap   total 131072K, used 80951K [0x0000000080a00000, 0x0000000100000000)
  region size 1024K, 74 young (75776K), 5 survivors (5120K)
 Metaspace       used 32160K, capacity 33318K, committed 33536K, reserved 1079296K
  class space    used 3773K, capacity 4257K, committed 4352K, reserved 1048576K
}
Event: 4.481 GC heap after
{Heap after GC invocations=7 (full 0):
 garbage-first heap   total 131072K, used 13397K [0x0000000080a00000, 0x0000000100000000)
  region size 1024K, 7 young (7168K), 7 survivors (7168K)
 Metaspace       used 32160K, capacity 33318K, committed 33536K, reserved 1079296K
  class space    used 3773K, capacity 4257K, committed 4352K, reserved 1048576K
}

